[05-Dec-2015 22:45:05 UTC] mail() on [/home/u850781993/public_html/registro.php:22]: To: viktor_viro@hotmail.com -- Headers: From: admin@cikapp.com
[05-Dec-2015 23:09:03 UTC] mail() on [/home/u850781993/public_html/registro.php:22]: To: viktor_viro@hotmail.com -- Headers: From: admin@cikapp.com
[05-Dec-2015 23:19:01 UTC] mail() on [/home/u850781993/public_html/registro.php:22]: To: viktor_viro@hotmail.com -- Headers: From: admin@cikapp.com
[05-Dec-2015 23:23:27 UTC] mail() on [/home/u850781993/public_html/registro.php:22]: To: viktor_viro@hotmail.com -- Headers: From: admin@cikapp.com
[05-Dec-2015 23:38:31 UTC] mail() on [/home/u850781993/public_html/registro.php:22]: To: viktor_viro@hotmail.com -- Headers: From: admin@cikapp.com
[05-Dec-2015 23:54:50 UTC] mail() on [/home/u850781993/public_html/registro.php:22]: To: viktor_viro@hotmail.com -- Headers: From: admin@cikapp.com
[05-Dec-2015 23:59:18 UTC] mail() on [/home/u850781993/public_html/registro.php:23]: To: viktor_viro@hotmail.com -- Headers: From: admin@cikapp.com
[06-Dec-2015 00:10:06 UTC] mail() on [/home/u850781993/public_html/registro.php:23]: To: viktor_viro@hotmail.com -- Headers: From: admin@cikapp.com
[06-Dec-2015 00:12:49 UTC] mail() on [/home/u850781993/public_html/registro.php:23]: To: viktor_viro@hotmail.com -- Headers: From: admin@cikapp.com
[06-Dec-2015 00:18:48 UTC] mail() on [/home/u850781993/public_html/registro.php:24]: To: viktor_viro@hotmail.com -- Headers: From: admin@cikapp.com
[06-Dec-2015 00:25:25 UTC] mail() on [/home/u850781993/public_html/registro.php:24]: To: viktor_viro@hotmail.com -- Headers: From: admin@cikapp.com
[06-Dec-2015 01:05:33 UTC] mail() on [/home/u850781993/public_html/registro.php:24]: To: prueba@mailinator.com -- Headers: From: admin@cikapp.com
[06-Dec-2015 01:15:01 UTC] mail() on [/home/u850781993/public_html/registro.php:24]: To: lackfer@gmail.com -- Headers: From: admin@cikapp.com
[06-Dec-2015 02:52:42 UTC] mail() on [/home/u850781993/public_html/registro.php:24]: To: gloria.obreque@inacapmail.cl -- Headers: From: admin@cikapp.com
[06-Dec-2015 03:04:10 UTC] mail() on [/home/u850781993/public_html/registro.php:24]: To: gloria.obreque@inacapmail.cl -- Headers: From: admin@cikapp.com
[06-Dec-2015 03:04:18 UTC] mail() on [/home/u850781993/public_html/registro.php:24]: To: viktor0munhoz@gmail.com -- Headers: From: admin@cikapp.com
[06-Dec-2015 03:08:02 UTC] mail() on [/home/u850781993/public_html/registro.php:24]: To: victor.munoz66@inacapmail.cl -- Headers: From: admin@cikapp.com
[06-Dec-2015 03:12:09 UTC] mail() on [/home/u850781993/public_html/registro.php:24]: To: marlene.obreque.chi@gmail.com -- Headers: From: admin@cikapp.com
[06-Dec-2015 03:17:28 UTC] mail() on [/home/u850781993/public_html/registro.php:24]: To: viktor0munhoz@gmail.com -- Headers: From: admin@cikapp.com
[06-Dec-2015 03:19:25 UTC] mail() on [/home/u850781993/public_html/registro.php:24]: To: victor.munoz66@inacapmail.cl -- Headers: From: admin@cikapp.com
[06-Dec-2015 03:23:45 UTC] mail() on [/home/u850781993/public_html/registro.php:24]: To: gloria.obreque@inacapmail.cl -- Headers: From: admin@cikapp.com
